<?xml version="1.0" encoding="UTF-8"?>
<testng-results ignored="0" total="4" passed="4" failed="0" skipped="0">
  <reporter-output>
  </reporter-output>
  <suite started-at="2024-11-21T09:36:14 IST" name="Suite" finished-at="2024-11-21T09:36:51 IST" duration-ms="36823">
    <groups>
    </groups>
    <test started-at="2024-11-21T09:36:14 IST" name="Submit order e2e" finished-at="2024-11-21T09:36:39 IST" duration-ms="24234">
      <class name="Ekart.tests.SubmitOrderTest">
        <test-method is-config="true" signature="launchApplication()[pri:0, instance:Ekart.tests.SubmitOrderTest@2e385cce]" started-at="2024-11-21T09:36:15 IST" name="launchApplication" finished-at="2024-11-21T09:36:20 IST" duration-ms="5467" status="PASS">
          <reporter-output>
          </reporter-output>
        </test-method> <!-- launchApplication -->
        <test-method signature="submitOrder()[pri:0, instance:Ekart.tests.SubmitOrderTest@2e385cce]" started-at="2024-11-21T09:36:20 IST" name="submitOrder" finished-at="2024-11-21T09:36:30 IST" duration-ms="9625" status="PASS">
          <reporter-output>
          </reporter-output>
        </test-method> <!-- submitOrder -->
        <test-method is-config="true" signature="tearDown()[pri:0, instance:Ekart.tests.SubmitOrderTest@2e385cce]" started-at="2024-11-21T09:36:30 IST" name="tearDown" finished-at="2024-11-21T09:36:30 IST" duration-ms="324" status="PASS">
          <reporter-output>
          </reporter-output>
        </test-method> <!-- tearDown -->
        <test-method is-config="true" signature="launchApplication()[pri:0, instance:Ekart.tests.SubmitOrderTest@2e385cce]" started-at="2024-11-21T09:36:30 IST" name="launchApplication" finished-at="2024-11-21T09:36:35 IST" duration-ms="4942" status="PASS">
          <reporter-output>
          </reporter-output>
        </test-method> <!-- launchApplication -->
        <test-method signature="orderHistoryTest()[pri:0, instance:Ekart.tests.SubmitOrderTest@2e385cce]" started-at="2024-11-21T09:36:35 IST" name="orderHistoryTest" finished-at="2024-11-21T09:36:38 IST" depends-on-methods="Ekart.tests.SubmitOrderTest.submitOrder" duration-ms="2918" status="PASS">
          <reporter-output>
          </reporter-output>
        </test-method> <!-- orderHistoryTest -->
        <test-method is-config="true" signature="tearDown()[pri:0, instance:Ekart.tests.SubmitOrderTest@2e385cce]" started-at="2024-11-21T09:36:38 IST" name="tearDown" finished-at="2024-11-21T09:36:39 IST" duration-ms="881" status="PASS">
          <reporter-output>
          </reporter-output>
        </test-method> <!-- tearDown -->
      </class> <!-- Ekart.tests.SubmitOrderTest -->
    </test> <!-- Submit order e2e -->
    <test started-at="2024-11-21T09:36:14 IST" name="Login error validation" finished-at="2024-11-21T09:36:51 IST" duration-ms="36823">
      <class name="Ekart.tests.ErrorValidations">
        <test-method is-config="true" signature="launchApplication()[pri:0, instance:Ekart.tests.ErrorValidations@514646ef]" started-at="2024-11-21T09:36:15 IST" name="launchApplication" finished-at="2024-11-21T09:36:19 IST" duration-ms="4917" status="PASS">
          <reporter-output>
          </reporter-output>
        </test-method> <!-- launchApplication -->
        <test-method signature="Verify_added_cart_item()[pri:0, instance:Ekart.tests.ErrorValidations@514646ef]" started-at="2024-11-21T09:36:19 IST" name="Verify_added_cart_item" finished-at="2024-11-21T09:36:37 IST" duration-ms="17165" status="PASS">
          <reporter-output>
          </reporter-output>
        </test-method> <!-- Verify_added_cart_item -->
        <test-method is-config="true" signature="tearDown()[pri:0, instance:Ekart.tests.ErrorValidations@514646ef]" started-at="2024-11-21T09:36:37 IST" name="tearDown" finished-at="2024-11-21T09:36:39 IST" duration-ms="2367" status="PASS">
          <reporter-output>
          </reporter-output>
        </test-method> <!-- tearDown -->
        <test-method is-config="true" signature="launchApplication()[pri:0, instance:Ekart.tests.ErrorValidations@514646ef]" started-at="2024-11-21T09:36:39 IST" name="launchApplication" finished-at="2024-11-21T09:36:43 IST" duration-ms="3689" status="PASS">
          <reporter-output>
          </reporter-output>
        </test-method> <!-- launchApplication -->
        <test-method signature="Verify_error_invaliduser_and_password()[pri:0, instance:Ekart.tests.ErrorValidations@514646ef]" started-at="2024-11-21T09:36:43 IST" name="Verify_error_invaliduser_and_password" finished-at="2024-11-21T09:36:51 IST" duration-ms="8357" status="PASS">
          <reporter-output>
          </reporter-output>
        </test-method> <!-- Verify_error_invaliduser_and_password -->
        <test-method is-config="true" signature="tearDown()[pri:0, instance:Ekart.tests.ErrorValidations@514646ef]" started-at="2024-11-21T09:36:51 IST" name="tearDown" finished-at="2024-11-21T09:36:51 IST" duration-ms="265" status="PASS">
          <reporter-output>
          </reporter-output>
        </test-method> <!-- tearDown -->
      </class> <!-- Ekart.tests.ErrorValidations -->
    </test> <!-- Login error validation -->
  </suite> <!-- Suite -->
</testng-results>
